<?xml version="1.0" encoding="UTF-8"?>
<!-- Generated by org.testng.reporters.JUnitReportReporter -->
<testsuite skipped="0" hostname="DESKTOP-K37G2IN" name="com.training.regression.tests.ELTC_067Tests" tests="4" failures="0" timestamp="01 Apr 2019 11:29:48 GMT" time="122.164" errors="0">
  <testcase name="loginDBTest" time="29.907" classname="com.training.regression.tests.ELTC_067Tests"/>
  <testcase name="loginDBTest" time="27.483" classname="com.training.regression.tests.ELTC_067Tests"/>
  <testcase name="loginDBTest" time="33.071" classname="com.training.regression.tests.ELTC_067Tests"/>
  <testcase name="loginDBTest" time="31.703" classname="com.training.regression.tests.ELTC_067Tests"/>
</testsuite> <!-- com.training.regression.tests.ELTC_067Tests -->
