<?xml version="1.0" encoding="UTF-8"?>
<!-- Generated by org.testng.reporters.JUnitReportReporter -->
<testsuite skipped="0" hostname="DESKTOP-K37G2IN" name="com.training.sanity.tests.ELTC_010Tests" tests="1" failures="0" timestamp="14 Mar 2019 09:16:12 GMT" time="19.409" errors="0">
  <testcase name="searchCoureses" time="19.409" classname="com.training.sanity.tests.ELTC_010Tests"/>
</testsuite> <!-- com.training.sanity.tests.ELTC_010Tests -->
