<?xml version="1.0" encoding="UTF-8"?>
<!-- Generated by org.testng.reporters.JUnitReportReporter -->
<testsuite skipped="0" hostname="DESKTOP-K37G2IN" name="com.training.sanity.tests.ELTC_038Tests" tests="1" failures="0" timestamp="25 Mar 2019 10:03:42 GMT" time="38.328" errors="0">
  <testcase name="createStudentGroup" time="38.328" classname="com.training.sanity.tests.ELTC_038Tests"/>
</testsuite> <!-- com.training.sanity.tests.ELTC_038Tests -->
