<?xml version="1.0" encoding="UTF-8"?>
<!-- Generated by org.testng.reporters.JUnitReportReporter -->
<testsuite skipped="0" hostname="DESKTOP-K37G2IN" name="com.training.sanity.tests.ELTC_009Tests" tests="1" failures="0" timestamp="14 Mar 2019 15:53:49 GMT" time="31.410" errors="0">
  <testcase name="unSubscriberuser" time="31.410" classname="com.training.sanity.tests.ELTC_009Tests"/>
</testsuite> <!-- com.training.sanity.tests.ELTC_009Tests -->
