<?xml version="1.0" encoding="UTF-8"?>
<!-- Generated by org.testng.reporters.JUnitReportReporter -->
<testsuite skipped="0" hostname="DESKTOP-K37G2IN" name="com.training.sanity.tests.ELTC_037Tests" tests="1" failures="0" timestamp="25 Mar 2019 07:42:15 GMT" time="30.120" errors="0">
  <testcase name="createStudentReport" time="30.120" classname="com.training.sanity.tests.ELTC_037Tests"/>
</testsuite> <!-- com.training.sanity.tests.ELTC_037Tests -->
