<?xml version="1.0" encoding="UTF-8"?>
<!-- Generated by org.testng.reporters.JUnitReportReporter -->
<testsuite skipped="0" hostname="DESKTOP-K37G2IN" name="com.training.sanity.tests.ELTC_039Tests" tests="1" failures="0" timestamp="25 Mar 2019 17:08:06 GMT" time="28.623" errors="0">
  <testcase name="generateStudentReport" time="28.623" classname="com.training.sanity.tests.ELTC_039Tests"/>
</testsuite> <!-- com.training.sanity.tests.ELTC_039Tests -->
