<?xml version="1.0" encoding="UTF-8"?>
<!-- Generated by org.testng.reporters.JUnitReportReporter -->
<testsuite skipped="0" hostname="DESKTOP-K37G2IN" name="com.training.sanity.tests.LoginTests" tests="1" failures="0" timestamp="08 Mar 2019 05:07:32 GMT" time="11.195" errors="0">
  <testcase name="validLoginTest" time="11.195" classname="com.training.sanity.tests.LoginTests"/>
</testsuite> <!-- com.training.sanity.tests.LoginTests -->
