<?xml version="1.0" encoding="UTF-8"?>
<!-- Generated by org.testng.reporters.JUnitReportReporter -->
<testsuite skipped="0" hostname="DESKTOP-K37G2IN" name="com.training.sanity.tests.ELTC_007Tests" tests="1" failures="0" timestamp="14 Mar 2019 06:41:53 GMT" time="33.899" errors="0">
  <testcase name="addNewCourseTest" time="33.899" classname="com.training.sanity.tests.ELTC_007Tests"/>
</testsuite> <!-- com.training.sanity.tests.ELTC_007Tests -->
