<?xml version="1.0" encoding="UTF-8"?>
<!-- Generated by org.testng.reporters.JUnitReportReporter -->
<testsuite skipped="0" hostname="DESKTOP-K37G2IN" name="com.training.sanity.tests.ELTC_040Tests" tests="1" failures="0" timestamp="26 Mar 2019 07:42:45 GMT" time="32.834" errors="0">
  <testcase name="generateReport" time="32.834" classname="com.training.sanity.tests.ELTC_040Tests"/>
</testsuite> <!-- com.training.sanity.tests.ELTC_040Tests -->
