<?xml version="1.0" encoding="UTF-8"?>
<!-- Generated by org.testng.reporters.JUnitReportReporter -->
<testsuite skipped="0" hostname="DESKTOP-K37G2IN" name="com.training.regression.tests.ELTC_0068Tests" tests="6" failures="0" timestamp="01 Apr 2019 11:27:04 GMT" time="194.512" errors="0">
  <testcase name="loginDBTest" time="31.701" classname="com.training.regression.tests.ELTC_0068Tests"/>
  <testcase name="loginDBTest" time="29.695" classname="com.training.regression.tests.ELTC_0068Tests"/>
  <testcase name="loginDBTest" time="30.043" classname="com.training.regression.tests.ELTC_0068Tests"/>
  <testcase name="loginDBTest" time="28.938" classname="com.training.regression.tests.ELTC_0068Tests"/>
  <testcase name="loginDBTest" time="42.716" classname="com.training.regression.tests.ELTC_0068Tests"/>
  <testcase name="loginDBTest" time="31.419" classname="com.training.regression.tests.ELTC_0068Tests"/>
</testsuite> <!-- com.training.regression.tests.ELTC_0068Tests -->
