<?xml version="1.0" encoding="UTF-8"?>
<!-- Generated by org.testng.reporters.JUnitReportReporter -->
<testsuite skipped="0" hostname="DESKTOP-K37G2IN" name="com.training.sanity.tests.ELTC_008Tests" tests="1" failures="0" timestamp="14 Mar 2019 07:35:28 GMT" time="35.312" errors="0">
  <testcase name="addCourseTitleAndDes" time="35.312" classname="com.training.sanity.tests.ELTC_008Tests"/>
</testsuite> <!-- com.training.sanity.tests.ELTC_008Tests -->
